{"C:\\WORK\\libs\\ff-lazyimg\\projects\\ff-lazyimg\\src\\test.ts": {"path":"C:\\WORK\\libs\\ff-lazyimg\\projects\\ff-lazyimg\\src\\test.ts","statementMap":{"0":{"start":{"line":15,"column":0},"end":{"line":18,"column":2}},"1":{"start":{"line":20,"column":16},"end":{"line":20,"column":58}},"2":{"start":{"line":22,"column":0},"end":{"line":22,"column":28}}},"fnMap":{},"branchMap":{},"s":{"0":1,"1":1,"2":1},"f":{},"b":{}}
,"C:\\WORK\\libs\\ff-lazyimg\\projects\\ff-lazyimg\\src\\lib\\lazyimg.component.ts": {"path":"C:\\WORK\\libs\\ff-lazyimg\\projects\\ff-lazyimg\\src\\lib\\lazyimg.component.ts","statementMap":{"0":{"start":{"line":25,"column":0},"end":{"line":188,"column":0}},"1":{"start":{"line":45,"column":22},"end":{"line":45,"column":59}},"2":{"start":{"line":45,"column":69},"end":{"line":45,"column":92}},"3":{"start":{"line":45,"column":102},"end":{"line":45,"column":137}},"4":{"start":{"line":45,"column":147},"end":{"line":45,"column":189}},"5":{"start":{"line":28,"column":12},"end":{"line":28,"column":52}},"6":{"start":{"line":29,"column":12},"end":{"line":29,"column":50}},"7":{"start":{"line":30,"column":31},"end":{"line":30,"column":58}},"8":{"start":{"line":37,"column":9},"end":{"line":37,"column":39}},"9":{"start":{"line":40,"column":9},"end":{"line":40,"column":27}},"10":{"start":{"line":47,"column":4},"end":{"line":47,"column":27}},"11":{"start":{"line":50,"column":2},"end":{"line":53,"column":3}},"12":{"start":{"line":52,"column":4},"end":{"line":52,"column":37}},"13":{"start":{"line":55,"column":2},"end":{"line":68,"column":3}},"14":{"start":{"line":56,"column":23},"end":{"line":56,"column":41}},"15":{"start":{"line":57,"column":13},"end":{"line":57,"column":34}},"16":{"start":{"line":58,"column":4},"end":{"line":67,"column":5}},"17":{"start":{"line":59,"column":6},"end":{"line":59,"column":42}},"18":{"start":{"line":60,"column":6},"end":{"line":62,"column":7}},"19":{"start":{"line":61,"column":8},"end":{"line":61,"column":34}},"20":{"start":{"line":64,"column":9},"end":{"line":67,"column":5}},"21":{"start":{"line":65,"column":6},"end":{"line":65,"column":41}},"22":{"start":{"line":66,"column":6},"end":{"line":66,"column":32}},"23":{"start":{"line":70,"column":2},"end":{"line":95,"column":3}},"24":{"start":{"line":70,"column":2},"end":{"line":95,"column":2}},"25":{"start":{"line":71,"column":22},"end":{"line":71,"column":52}},"26":{"start":{"line":72,"column":4},"end":{"line":72,"column":42}},"27":{"start":{"line":73,"column":4},"end":{"line":73,"column":38}},"28":{"start":{"line":74,"column":4},"end":{"line":74,"column":44}},"29":{"start":{"line":75,"column":4},"end":{"line":75,"column":44}},"30":{"start":{"line":76,"column":4},"end":{"line":76,"column":48}},"31":{"start":{"line":77,"column":4},"end":{"line":77,"column":40}},"32":{"start":{"line":78,"column":4},"end":{"line":78,"column":157}},"33":{"start":{"line":80,"column":4},"end":{"line":87,"column":5}},"34":{"start":{"line":81,"column":6},"end":{"line":81,"column":60}},"35":{"start":{"line":82,"column":6},"end":{"line":82,"column":88}},"36":{"start":{"line":84,"column":6},"end":{"line":86,"column":9}},"37":{"start":{"line":85,"column":8},"end":{"line":85,"column":36}},"38":{"start":{"line":88,"column":4},"end":{"line":92,"column":5}},"39":{"start":{"line":89,"column":6},"end":{"line":91,"column":7}},"40":{"start":{"line":90,"column":8},"end":{"line":90,"column":50}},"41":{"start":{"line":94,"column":4},"end":{"line":94,"column":30}},"42":{"start":{"line":109,"column":10},"end":{"line":120,"column":3}},"43":{"start":{"line":110,"column":21},"end":{"line":110,"column":45}},"44":{"start":{"line":111,"column":4},"end":{"line":118,"column":5}},"45":{"start":{"line":112,"column":30},"end":{"line":112,"column":74}},"46":{"start":{"line":113,"column":6},"end":{"line":117,"column":7}},"47":{"start":{"line":114,"column":8},"end":{"line":114,"column":50}},"48":{"start":{"line":115,"column":8},"end":{"line":115,"column":52}},"49":{"start":{"line":116,"column":8},"end":{"line":116,"column":15}},"50":{"start":{"line":119,"column":4},"end":{"line":119,"column":73}},"51":{"start":{"line":122,"column":10},"end":{"line":125,"column":3}},"52":{"start":{"line":123,"column":4},"end":{"line":123,"column":21}},"53":{"start":{"line":124,"column":4},"end":{"line":124,"column":30}},"54":{"start":{"line":127,"column":10},"end":{"line":131,"column":3}},"55":{"start":{"line":128,"column":4},"end":{"line":130,"column":7}},"56":{"start":{"line":129,"column":6},"end":{"line":129,"column":79}},"57":{"start":{"line":133,"column":10},"end":{"line":135,"column":3}},"58":{"start":{"line":134,"column":4},"end":{"line":134,"column":26}},"59":{"start":{"line":137,"column":10},"end":{"line":139,"column":3}},"60":{"start":{"line":138,"column":4},"end":{"line":138,"column":34}},"61":{"start":{"line":141,"column":10},"end":{"line":163,"column":3}},"62":{"start":{"line":143,"column":4},"end":{"line":162,"column":5}},"63":{"start":{"line":144,"column":6},"end":{"line":149,"column":7}},"64":{"start":{"line":145,"column":8},"end":{"line":145,"column":63}},"65":{"start":{"line":146,"column":8},"end":{"line":146,"column":86}},"66":{"start":{"line":148,"column":8},"end":{"line":148,"column":67}},"67":{"start":{"line":151,"column":6},"end":{"line":151,"column":61}},"68":{"start":{"line":152,"column":6},"end":{"line":158,"column":7}},"69":{"start":{"line":153,"column":22},"end":{"line":153,"column":79}},"70":{"start":{"line":154,"column":8},"end":{"line":154,"column":74}},"71":{"start":{"line":156,"column":11},"end":{"line":158,"column":7}},"72":{"start":{"line":157,"column":8},"end":{"line":157,"column":52}},"73":{"start":{"line":165,"column":10},"end":{"line":167,"column":3}},"74":{"start":{"line":169,"column":2},"end":{"line":177,"column":3}},"75":{"start":{"line":170,"column":4},"end":{"line":170,"column":42}},"76":{"start":{"line":171,"column":4},"end":{"line":176,"column":5}},"77":{"start":{"line":172,"column":6},"end":{"line":172,"column":31}},"78":{"start":{"line":175,"column":6},"end":{"line":175,"column":46}},"79":{"start":{"line":179,"column":2},"end":{"line":187,"column":3}},"80":{"start":{"line":180,"column":4},"end":{"line":180,"column":29}},"81":{"start":{"line":182,"column":4},"end":{"line":186,"column":5}},"82":{"start":{"line":183,"column":6},"end":{"line":183,"column":36}},"83":{"start":{"line":185,"column":6},"end":{"line":185,"column":46}},"84":{"start":{"line":26,"column":11},"end":{"line":26,"column":48}},"85":{"start":{"line":27,"column":11},"end":{"line":27,"column":31}},"86":{"start":{"line":31,"column":30},"end":{"line":31,"column":48}},"87":{"start":{"line":25,"column":13},"end":{"line":188,"column":1}},"88":{"start":{"line":188,"column":0},"end":{"line":188,"column":1}}},"fnMap":{"0":{"name":"(anonymous_2)","decl":{"start":{"line":25,"column":0},"end":{"line":null,"column":-1}},"loc":{"start":{"line":25,"column":0},"end":{"line":25,"column":-1}}},"1":{"name":"LazyimgComponent","decl":{"start":{"line":45,"column":2},"end":{"line":45,"column":21}},"loc":{"start":{"line":45,"column":189},"end":{"line":48,"column":3}}},"2":{"name":"(anonymous_4)","decl":{"start":{"line":50,"column":2},"end":{"line":null,"column":-1}},"loc":{"start":{"line":50,"column":2},"end":{"line":53,"column":3}}},"3":{"name":"(anonymous_5)","decl":{"start":{"line":55,"column":2},"end":{"line":55,"column":13}},"loc":{"start":{"line":55,"column":36},"end":{"line":68,"column":3}}},"4":{"name":"(anonymous_6)","decl":{"start":{"line":70,"column":2},"end":{"line":null,"column":-1}},"loc":{"start":{"line":70,"column":2},"end":{"line":95,"column":3}}},"5":{"name":"(anonymous_7)","decl":{"start":{"line":84,"column":53},"end":{"line":84,"column":53}},"loc":{"start":{"line":84,"column":58},"end":{"line":86,"column":7}}},"6":{"name":"(anonymous_8)","decl":{"start":{"line":109,"column":2},"end":{"line":109,"column":26}},"loc":{"start":{"line":109,"column":31},"end":{"line":120,"column":3}}},"7":{"name":"(anonymous_9)","decl":{"start":{"line":122,"column":2},"end":{"line":122,"column":19}},"loc":{"start":{"line":122,"column":25},"end":{"line":125,"column":3}}},"8":{"name":"(anonymous_10)","decl":{"start":{"line":127,"column":2},"end":{"line":127,"column":26}},"loc":{"start":{"line":127,"column":39},"end":{"line":131,"column":3}}},"9":{"name":"(anonymous_11)","decl":{"start":{"line":128,"column":29},"end":{"line":128,"column":29}},"loc":{"start":{"line":128,"column":34},"end":{"line":130,"column":5}}},"10":{"name":"(anonymous_12)","decl":{"start":{"line":133,"column":2},"end":{"line":133,"column":23}},"loc":{"start":{"line":133,"column":53},"end":{"line":135,"column":3}}},"11":{"name":"(anonymous_13)","decl":{"start":{"line":137,"column":2},"end":{"line":137,"column":24}},"loc":{"start":{"line":137,"column":37},"end":{"line":139,"column":3}}},"12":{"name":"(anonymous_14)","decl":{"start":{"line":141,"column":2},"end":{"line":141,"column":24}},"loc":{"start":{"line":141,"column":90},"end":{"line":163,"column":3}}},"13":{"name":"(anonymous_15)","decl":{"start":{"line":165,"column":2},"end":{"line":null,"column":-1}},"loc":{"start":{"line":165,"column":2},"end":{"line":167,"column":3}}},"14":{"name":"(anonymous_16)","decl":{"start":{"line":169,"column":2},"end":{"line":169,"column":20}},"loc":{"start":{"line":169,"column":22},"end":{"line":177,"column":3}}},"15":{"name":"(anonymous_17)","decl":{"start":{"line":179,"column":2},"end":{"line":null,"column":-1}},"loc":{"start":{"line":179,"column":2},"end":{"line":187,"column":3}}}},"branchMap":{"0":{"loc":{"start":{"line":58,"column":4},"end":{"line":67,"column":5}},"type":"if","locations":[{"start":{"line":58,"column":4},"end":{"line":67,"column":5}},{"start":{"line":58,"column":4},"end":{"line":67,"column":5}}]},"1":{"loc":{"start":{"line":60,"column":6},"end":{"line":62,"column":7}},"type":"if","locations":[{"start":{"line":60,"column":6},"end":{"line":62,"column":7}},{"start":{"line":60,"column":6},"end":{"line":62,"column":7}}]},"2":{"loc":{"start":{"line":64,"column":9},"end":{"line":67,"column":5}},"type":"if","locations":[{"start":{"line":64,"column":9},"end":{"line":67,"column":5}},{"start":{"line":64,"column":9},"end":{"line":67,"column":5}}]},"3":{"loc":{"start":{"line":74,"column":15},"end":{"line":74,"column":37}},"type":"binary-expr","locations":[{"start":{"line":74,"column":15},"end":{"line":74,"column":37}},{"start":{"line":74,"column":41},"end":{"line":74,"column":43}}]},"4":{"loc":{"start":{"line":76,"column":17},"end":{"line":76,"column":41}},"type":"binary-expr","locations":[{"start":{"line":76,"column":17},"end":{"line":76,"column":41}},{"start":{"line":76,"column":45},"end":{"line":76,"column":47}}]},"5":{"loc":{"start":{"line":78,"column":58},"end":{"line":78,"column":137}},"type":"cond-expr","locations":[{"start":{"line":78,"column":58},"end":{"line":78,"column":137}},{"start":{"line":78,"column":141},"end":{"line":78,"column":156}}]},"6":{"loc":{"start":{"line":78,"column":107},"end":{"line":78,"column":111}},"type":"cond-expr","locations":[{"start":{"line":78,"column":107},"end":{"line":78,"column":111}},{"start":{"line":78,"column":114},"end":{"line":78,"column":137}}]},"7":{"loc":{"start":{"line":80,"column":4},"end":{"line":87,"column":5}},"type":"if","locations":[{"start":{"line":80,"column":4},"end":{"line":87,"column":5}},{"start":{"line":80,"column":4},"end":{"line":87,"column":5}}]},"8":{"loc":{"start":{"line":88,"column":4},"end":{"line":92,"column":5}},"type":"if","locations":[{"start":{"line":88,"column":4},"end":{"line":92,"column":5}},{"start":{"line":88,"column":4},"end":{"line":92,"column":5}}]},"9":{"loc":{"start":{"line":89,"column":6},"end":{"line":91,"column":7}},"type":"if","locations":[{"start":{"line":89,"column":6},"end":{"line":91,"column":7}},{"start":{"line":89,"column":6},"end":{"line":91,"column":7}}]},"10":{"loc":{"start":{"line":113,"column":6},"end":{"line":117,"column":7}},"type":"if","locations":[{"start":{"line":113,"column":6},"end":{"line":117,"column":7}},{"start":{"line":113,"column":6},"end":{"line":117,"column":7}}]},"11":{"loc":{"start":{"line":143,"column":4},"end":{"line":162,"column":5}},"type":"if","locations":[{"start":{"line":143,"column":4},"end":{"line":162,"column":5}},{"start":{"line":143,"column":4},"end":{"line":162,"column":5}}]},"12":{"loc":{"start":{"line":144,"column":6},"end":{"line":149,"column":7}},"type":"if","locations":[{"start":{"line":144,"column":6},"end":{"line":149,"column":7}},{"start":{"line":144,"column":6},"end":{"line":149,"column":7}}]},"13":{"loc":{"start":{"line":152,"column":6},"end":{"line":158,"column":7}},"type":"if","locations":[{"start":{"line":152,"column":6},"end":{"line":158,"column":7}},{"start":{"line":152,"column":6},"end":{"line":158,"column":7}}]},"14":{"loc":{"start":{"line":152,"column":10},"end":{"line":152,"column":28}},"type":"binary-expr","locations":[{"start":{"line":152,"column":10},"end":{"line":152,"column":28}},{"start":{"line":152,"column":32},"end":{"line":152,"column":49}}]},"15":{"loc":{"start":{"line":156,"column":11},"end":{"line":158,"column":7}},"type":"if","locations":[{"start":{"line":156,"column":11},"end":{"line":158,"column":7}},{"start":{"line":156,"column":11},"end":{"line":158,"column":7}}]},"16":{"loc":{"start":{"line":171,"column":4},"end":{"line":176,"column":5}},"type":"if","locations":[{"start":{"line":171,"column":4},"end":{"line":176,"column":5}},{"start":{"line":171,"column":4},"end":{"line":176,"column":5}}]},"17":{"loc":{"start":{"line":182,"column":4},"end":{"line":186,"column":5}},"type":"if","locations":[{"start":{"line":182,"column":4},"end":{"line":186,"column":5}},{"start":{"line":182,"column":4},"end":{"line":186,"column":5}}]}},"s":{"0":1,"1":17,"2":17,"3":17,"4":17,"5":18,"6":18,"7":18,"8":17,"9":17,"10":17,"11":1,"12":16,"13":1,"14":9,"15":9,"16":9,"17":2,"18":2,"19":1,"20":7,"21":6,"22":6,"23":1,"24":18,"25":18,"26":18,"27":18,"28":18,"29":18,"30":18,"31":18,"32":18,"33":18,"34":0,"35":0,"36":0,"37":0,"38":18,"39":7,"40":7,"41":17,"42":1,"43":0,"44":0,"45":0,"46":0,"47":0,"48":0,"49":0,"50":0,"51":1,"52":0,"53":0,"54":1,"55":0,"56":0,"57":1,"58":2,"59":1,"60":3,"61":1,"62":7,"63":3,"64":2,"65":2,"66":1,"67":4,"68":4,"69":1,"70":1,"71":3,"72":3,"73":1,"74":1,"75":0,"76":0,"77":0,"78":0,"79":1,"80":7,"81":7,"82":0,"83":7,"84":1,"85":1,"86":1,"87":1,"88":1},"f":{"0":1,"1":17,"2":16,"3":9,"4":18,"5":0,"6":0,"7":0,"8":0,"9":0,"10":2,"11":3,"12":7,"13":0,"14":0,"15":7},"b":{"0":[2,7],"1":[1,1],"2":[6,1],"3":[18,18],"4":[18,18],"5":[16,2],"6":[6,10],"7":[0,18],"8":[7,11],"9":[7,0],"10":[0,0],"11":[3,4],"12":[2,1],"13":[1,3],"14":[4,4],"15":[3,0],"16":[0,0],"17":[0,7]}}
,"C:\\WORK\\libs\\ff-lazyimg\\projects\\ff-lazyimg\\src\\lib\\lazyimg.service.ts": {"path":"C:\\WORK\\libs\\ff-lazyimg\\projects\\ff-lazyimg\\src\\lib\\lazyimg.service.ts","statementMap":{"0":{"start":{"line":6,"column":0},"end":{"line":73,"column":0}},"1":{"start":{"line":40,"column":2},"end":{"line":42,"column":2}},"2":{"start":{"line":40,"column":43},"end":{"line":40,"column":58}},"3":{"start":{"line":7,"column":10},"end":{"line":7,"column":30}},"4":{"start":{"line":8,"column":10},"end":{"line":8,"column":43}},"5":{"start":{"line":9,"column":10},"end":{"line":9,"column":49}},"6":{"start":{"line":10,"column":10},"end":{"line":10,"column":40}},"7":{"start":{"line":14,"column":10},"end":{"line":21,"column":4}},"8":{"start":{"line":15,"column":19},"end":{"line":15,"column":36}},"9":{"start":{"line":16,"column":4},"end":{"line":19,"column":5}},"10":{"start":{"line":17,"column":20},"end":{"line":17,"column":29}},"11":{"start":{"line":18,"column":6},"end":{"line":18,"column":31}},"12":{"start":{"line":20,"column":4},"end":{"line":20,"column":29}},"13":{"start":{"line":23,"column":9},"end":{"line":28,"column":4}},"14":{"start":{"line":24,"column":4},"end":{"line":27,"column":6}},"15":{"start":{"line":25,"column":8},"end":{"line":25,"column":33}},"16":{"start":{"line":30,"column":10},"end":{"line":38,"column":4}},"17":{"start":{"line":31,"column":19},"end":{"line":31,"column":36}},"18":{"start":{"line":32,"column":4},"end":{"line":37,"column":5}},"19":{"start":{"line":33,"column":20},"end":{"line":33,"column":29}},"20":{"start":{"line":34,"column":6},"end":{"line":36,"column":7}},"21":{"start":{"line":35,"column":8},"end":{"line":35,"column":35}},"22":{"start":{"line":44,"column":2},"end":{"line":47,"column":3}},"23":{"start":{"line":45,"column":4},"end":{"line":45,"column":22}},"24":{"start":{"line":46,"column":4},"end":{"line":46,"column":24}},"25":{"start":{"line":49,"column":2},"end":{"line":71,"column":3}},"26":{"start":{"line":49,"column":2},"end":{"line":71,"column":2}},"27":{"start":{"line":50,"column":4},"end":{"line":50,"column":26}},"28":{"start":{"line":54,"column":4},"end":{"line":56,"column":5}},"29":{"start":{"line":55,"column":6},"end":{"line":55,"column":34}},"30":{"start":{"line":58,"column":4},"end":{"line":60,"column":5}},"31":{"start":{"line":59,"column":6},"end":{"line":59,"column":29}},"32":{"start":{"line":62,"column":4},"end":{"line":70,"column":5}},"33":{"start":{"line":64,"column":6},"end":{"line":68,"column":12}},"34":{"start":{"line":65,"column":8},"end":{"line":65,"column":35}},"35":{"start":{"line":66,"column":8},"end":{"line":66,"column":26}},"36":{"start":{"line":67,"column":8},"end":{"line":67,"column":22}},"37":{"start":{"line":6,"column":13},"end":{"line":73,"column":1}},"38":{"start":{"line":73,"column":0},"end":{"line":73,"column":1}}},"fnMap":{"0":{"name":"(anonymous_4)","decl":{"start":{"line":6,"column":0},"end":{"line":null,"column":-1}},"loc":{"start":{"line":6,"column":0},"end":{"line":6,"column":-1}}},"1":{"name":"LazyimgService","decl":{"start":{"line":40,"column":2},"end":{"line":40,"column":42}},"loc":{"start":{"line":40,"column":58},"end":{"line":42,"column":3}}},"2":{"name":"(anonymous_6)","decl":{"start":{"line":14,"column":19},"end":{"line":null,"column":-1}},"loc":{"start":{"line":14,"column":19},"end":{"line":21,"column":3}}},"3":{"name":"(anonymous_7)","decl":{"start":{"line":23,"column":22},"end":{"line":null,"column":-1}},"loc":{"start":{"line":23,"column":22},"end":{"line":28,"column":3}}},"4":{"name":"(anonymous_8)","decl":{"start":{"line":24,"column":27},"end":{"line":24,"column":27}},"loc":{"start":{"line":24,"column":32},"end":{"line":26,"column":7}}},"5":{"name":"(anonymous_9)","decl":{"start":{"line":30,"column":32},"end":{"line":null,"column":-1}},"loc":{"start":{"line":30,"column":32},"end":{"line":38,"column":3}}},"6":{"name":"(anonymous_10)","decl":{"start":{"line":44,"column":2},"end":{"line":null,"column":-1}},"loc":{"start":{"line":44,"column":2},"end":{"line":47,"column":3}}},"7":{"name":"(anonymous_11)","decl":{"start":{"line":49,"column":2},"end":{"line":49,"column":8}},"loc":{"start":{"line":49,"column":31},"end":{"line":71,"column":3}}},"8":{"name":"(anonymous_12)","decl":{"start":{"line":64,"column":24},"end":{"line":null,"column":-1}},"loc":{"start":{"line":64,"column":24},"end":{"line":68,"column":7}}}},"branchMap":{"0":{"loc":{"start":{"line":34,"column":6},"end":{"line":36,"column":7}},"type":"if","locations":[{"start":{"line":34,"column":6},"end":{"line":36,"column":7}},{"start":{"line":34,"column":6},"end":{"line":36,"column":7}}]},"1":{"loc":{"start":{"line":54,"column":4},"end":{"line":56,"column":5}},"type":"if","locations":[{"start":{"line":54,"column":4},"end":{"line":56,"column":5}},{"start":{"line":54,"column":4},"end":{"line":56,"column":5}}]},"2":{"loc":{"start":{"line":58,"column":4},"end":{"line":60,"column":5}},"type":"if","locations":[{"start":{"line":58,"column":4},"end":{"line":60,"column":5}},{"start":{"line":58,"column":4},"end":{"line":60,"column":5}}]},"3":{"loc":{"start":{"line":58,"column":8},"end":{"line":58,"column":25}},"type":"binary-expr","locations":[{"start":{"line":58,"column":8},"end":{"line":58,"column":25}},{"start":{"line":58,"column":29},"end":{"line":58,"column":46}}]},"4":{"loc":{"start":{"line":62,"column":4},"end":{"line":70,"column":5}},"type":"if","locations":[{"start":{"line":62,"column":4},"end":{"line":70,"column":5}},{"start":{"line":62,"column":4},"end":{"line":70,"column":5}}]},"5":{"loc":{"start":{"line":62,"column":8},"end":{"line":62,"column":43}},"type":"binary-expr","locations":[{"start":{"line":62,"column":8},"end":{"line":62,"column":43}},{"start":{"line":62,"column":47},"end":{"line":62,"column":81}}]}},"s":{"0":1,"1":13,"2":13,"3":13,"4":13,"5":13,"6":13,"7":13,"8":11,"9":11,"10":13,"11":13,"12":7,"13":13,"14":11,"15":4,"16":13,"17":11,"18":11,"19":13,"20":13,"21":5,"22":1,"23":13,"24":13,"25":1,"26":18,"27":18,"28":18,"29":12,"30":18,"31":1,"32":18,"33":11,"34":11,"35":11,"36":11,"37":1,"38":1},"f":{"0":1,"1":13,"2":11,"3":11,"4":4,"5":11,"6":13,"7":18,"8":11},"b":{"0":[5,8],"1":[12,6],"2":[1,17],"3":[18,1],"4":[11,7],"5":[18,11]}}
,"C:\\WORK\\libs\\ff-lazyimg\\projects\\ff-lazyimg\\src\\lib\\resize-service\\lazyimg-resize.service.ts": {"path":"C:\\WORK\\libs\\ff-lazyimg\\projects\\ff-lazyimg\\src\\lib\\resize-service\\lazyimg-resize.service.ts","statementMap":{"0":{"start":{"line":14,"column":0},"end":{"line":37,"column":0}},"1":{"start":{"line":17,"column":2},"end":{"line":25,"column":2}},"2":{"start":{"line":17,"column":43},"end":{"line":17,"column":58}},"3":{"start":{"line":15,"column":9},"end":{"line":15,"column":88}},"4":{"start":{"line":18,"column":4},"end":{"line":23,"column":5}},"5":{"start":{"line":20,"column":6},"end":{"line":22,"column":63}},"6":{"start":{"line":22,"column":24},"end":{"line":22,"column":61}},"7":{"start":{"line":27,"column":10},"end":{"line":36,"column":3}},"8":{"start":{"line":28,"column":4},"end":{"line":35,"column":5}},"9":{"start":{"line":29,"column":6},"end":{"line":31,"column":7}},"10":{"start":{"line":30,"column":8},"end":{"line":30,"column":74}},"11":{"start":{"line":32,"column":6},"end":{"line":32,"column":68}},"12":{"start":{"line":34,"column":6},"end":{"line":34,"column":35}},"13":{"start":{"line":14,"column":13},"end":{"line":37,"column":1}},"14":{"start":{"line":37,"column":0},"end":{"line":37,"column":1}}},"fnMap":{"0":{"name":"(anonymous_4)","decl":{"start":{"line":14,"column":0},"end":{"line":null,"column":-1}},"loc":{"start":{"line":14,"column":0},"end":{"line":14,"column":-1}}},"1":{"name":"LazyimgResizeService","decl":{"start":{"line":17,"column":2},"end":{"line":17,"column":42}},"loc":{"start":{"line":17,"column":58},"end":{"line":25,"column":3}}},"2":{"name":"(anonymous_6)","decl":{"start":{"line":22,"column":19},"end":{"line":22,"column":18}},"loc":{"start":{"line":22,"column":20},"end":{"line":22,"column":61}}},"3":{"name":"(anonymous_7)","decl":{"start":{"line":27,"column":2},"end":{"line":27,"column":17}},"loc":{"start":{"line":27,"column":20},"end":{"line":36,"column":3}}}},"branchMap":{"0":{"loc":{"start":{"line":18,"column":4},"end":{"line":23,"column":5}},"type":"if","locations":[{"start":{"line":18,"column":4},"end":{"line":23,"column":5}},{"start":{"line":18,"column":4},"end":{"line":23,"column":5}}]},"1":{"loc":{"start":{"line":28,"column":4},"end":{"line":35,"column":5}},"type":"if","locations":[{"start":{"line":28,"column":4},"end":{"line":35,"column":5}},{"start":{"line":28,"column":4},"end":{"line":35,"column":5}}]},"2":{"loc":{"start":{"line":29,"column":6},"end":{"line":31,"column":7}},"type":"if","locations":[{"start":{"line":29,"column":6},"end":{"line":31,"column":7}},{"start":{"line":29,"column":6},"end":{"line":31,"column":7}}]}},"s":{"0":1,"1":18,"2":18,"3":18,"4":18,"5":18,"6":0,"7":1,"8":18,"9":18,"10":0,"11":18,"12":0,"13":1,"14":1},"f":{"0":1,"1":18,"2":0,"3":18},"b":{"0":[18,0],"1":[18,0],"2":[0,18]}}
}
