{"C:\\WORK\\ng-catalogue\\projects\\lazyimg\\src\\test.ts": {"path":"C:\\WORK\\ng-catalogue\\projects\\lazyimg\\src\\test.ts","statementMap":{"0":{"start":{"line":8,"column":0},"end":{"line":8,"column":95}},"1":{"start":{"line":10,"column":14},"end":{"line":10,"column":56}},"2":{"start":{"line":12,"column":0},"end":{"line":12,"column":28}}},"fnMap":{},"branchMap":{},"s":{"0":1,"1":1,"2":1},"f":{},"b":{},"_coverageSchema":"332fd63041d2c1bcb487cc26dd0d5f7d97098a6c","hash":"8248c1ef9cb3d6056e146bb78ad5d39d7f9e7769"}
,"C:\\WORK\\ng-catalogue\\projects\\lazyimg\\src\\lib\\lazyimg.component.ts": {"path":"C:\\WORK\\ng-catalogue\\projects\\lazyimg\\src\\lib\\lazyimg.component.ts","statementMap":{"0":{"start":{"line":1,"column":17},"end":{"line":6,"column":1}},"1":{"start":{"line":2,"column":12},"end":{"line":2,"column":28}},"2":{"start":{"line":2,"column":34},"end":{"line":2,"column":125}},"3":{"start":{"line":3,"column":4},"end":{"line":4,"column":150}},"4":{"start":{"line":3,"column":79},"end":{"line":3,"column":131}},"5":{"start":{"line":4,"column":9},"end":{"line":4,"column":150}},"6":{"start":{"line":4,"column":58},"end":{"line":4,"column":150}},"7":{"start":{"line":4,"column":81},"end":{"line":4,"column":150}},"8":{"start":{"line":5,"column":4},"end":{"line":5,"column":66}},"9":{"start":{"line":7,"column":17},"end":{"line":9,"column":1}},"10":{"start":{"line":8,"column":4},"end":{"line":8,"column":109}},"11":{"start":{"line":8,"column":79},"end":{"line":8,"column":109}},"12":{"start":{"line":14,"column":38},"end":{"line":188,"column":3}},"13":{"start":{"line":16,"column":8},"end":{"line":16,"column":53}},"14":{"start":{"line":17,"column":8},"end":{"line":17,"column":31}},"15":{"start":{"line":18,"column":8},"end":{"line":18,"column":51}},"16":{"start":{"line":19,"column":8},"end":{"line":19,"column":57}},"17":{"start":{"line":20,"column":8},"end":{"line":20,"column":48}},"18":{"start":{"line":21,"column":8},"end":{"line":21,"column":46}},"19":{"start":{"line":22,"column":8},"end":{"line":22,"column":32}},"20":{"start":{"line":23,"column":8},"end":{"line":23,"column":34}},"21":{"start":{"line":24,"column":8},"end":{"line":24,"column":23}},"22":{"start":{"line":26,"column":8},"end":{"line":26,"column":31}},"23":{"start":{"line":28,"column":4},"end":{"line":31,"column":6}},"24":{"start":{"line":30,"column":8},"end":{"line":30,"column":41}},"25":{"start":{"line":32,"column":4},"end":{"line":44,"column":6}},"26":{"start":{"line":33,"column":25},"end":{"line":33,"column":43}},"27":{"start":{"line":33,"column":52},"end":{"line":33,"column":73}},"28":{"start":{"line":34,"column":8},"end":{"line":43,"column":9}},"29":{"start":{"line":35,"column":12},"end":{"line":35,"column":48}},"30":{"start":{"line":36,"column":12},"end":{"line":38,"column":13}},"31":{"start":{"line":37,"column":16},"end":{"line":37,"column":42}},"32":{"start":{"line":40,"column":13},"end":{"line":43,"column":9}},"33":{"start":{"line":41,"column":12},"end":{"line":41,"column":47}},"34":{"start":{"line":42,"column":12},"end":{"line":42,"column":38}},"35":{"start":{"line":45,"column":4},"end":{"line":69,"column":6}},"36":{"start":{"line":46,"column":20},"end":{"line":46,"column":24}},"37":{"start":{"line":47,"column":24},"end":{"line":47,"column":54}},"38":{"start":{"line":48,"column":8},"end":{"line":48,"column":46}},"39":{"start":{"line":49,"column":8},"end":{"line":49,"column":42}},"40":{"start":{"line":50,"column":8},"end":{"line":50,"column":48}},"41":{"start":{"line":51,"column":8},"end":{"line":51,"column":48}},"42":{"start":{"line":52,"column":8},"end":{"line":52,"column":52}},"43":{"start":{"line":53,"column":8},"end":{"line":53,"column":44}},"44":{"start":{"line":54,"column":8},"end":{"line":54,"column":161}},"45":{"start":{"line":55,"column":8},"end":{"line":61,"column":9}},"46":{"start":{"line":56,"column":12},"end":{"line":56,"column":66}},"47":{"start":{"line":57,"column":12},"end":{"line":57,"column":94}},"48":{"start":{"line":58,"column":12},"end":{"line":60,"column":15}},"49":{"start":{"line":59,"column":16},"end":{"line":59,"column":45}},"50":{"start":{"line":62,"column":8},"end":{"line":66,"column":9}},"51":{"start":{"line":63,"column":12},"end":{"line":65,"column":13}},"52":{"start":{"line":64,"column":16},"end":{"line":64,"column":58}},"53":{"start":{"line":68,"column":8},"end":{"line":68,"column":34}},"54":{"start":{"line":81,"column":4},"end":{"line":92,"column":6}},"55":{"start":{"line":82,"column":25},"end":{"line":82,"column":49}},"56":{"start":{"line":83,"column":8},"end":{"line":90,"column":9}},"57":{"start":{"line":84,"column":34},"end":{"line":84,"column":78}},"58":{"start":{"line":85,"column":12},"end":{"line":89,"column":13}},"59":{"start":{"line":86,"column":16},"end":{"line":86,"column":58}},"60":{"start":{"line":87,"column":16},"end":{"line":87,"column":60}},"61":{"start":{"line":88,"column":16},"end":{"line":88,"column":23}},"62":{"start":{"line":91,"column":8},"end":{"line":91,"column":77}},"63":{"start":{"line":93,"column":4},"end":{"line":96,"column":6}},"64":{"start":{"line":94,"column":8},"end":{"line":94,"column":25}},"65":{"start":{"line":95,"column":8},"end":{"line":95,"column":34}},"66":{"start":{"line":97,"column":4},"end":{"line":101,"column":6}},"67":{"start":{"line":98,"column":8},"end":{"line":100,"column":11}},"68":{"start":{"line":99,"column":12},"end":{"line":99,"column":85}},"69":{"start":{"line":102,"column":4},"end":{"line":104,"column":6}},"70":{"start":{"line":103,"column":8},"end":{"line":103,"column":30}},"71":{"start":{"line":105,"column":4},"end":{"line":107,"column":6}},"72":{"start":{"line":106,"column":8},"end":{"line":106,"column":38}},"73":{"start":{"line":108,"column":4},"end":{"line":132,"column":6}},"74":{"start":{"line":110,"column":8},"end":{"line":131,"column":9}},"75":{"start":{"line":111,"column":12},"end":{"line":117,"column":13}},"76":{"start":{"line":112,"column":16},"end":{"line":112,"column":71}},"77":{"start":{"line":113,"column":16},"end":{"line":113,"column":94}},"78":{"start":{"line":116,"column":16},"end":{"line":116,"column":75}},"79":{"start":{"line":120,"column":12},"end":{"line":120,"column":67}},"80":{"start":{"line":121,"column":12},"end":{"line":127,"column":13}},"81":{"start":{"line":122,"column":28},"end":{"line":122,"column":85}},"82":{"start":{"line":123,"column":16},"end":{"line":123,"column":82}},"83":{"start":{"line":125,"column":17},"end":{"line":127,"column":13}},"84":{"start":{"line":126,"column":16},"end":{"line":126,"column":60}},"85":{"start":{"line":133,"column":4},"end":{"line":134,"column":6}},"86":{"start":{"line":135,"column":4},"end":{"line":143,"column":6}},"87":{"start":{"line":136,"column":8},"end":{"line":136,"column":46}},"88":{"start":{"line":137,"column":8},"end":{"line":142,"column":9}},"89":{"start":{"line":138,"column":12},"end":{"line":138,"column":37}},"90":{"start":{"line":141,"column":12},"end":{"line":141,"column":52}},"91":{"start":{"line":144,"column":4},"end":{"line":153,"column":6}},"92":{"start":{"line":145,"column":8},"end":{"line":145,"column":33}},"93":{"start":{"line":147,"column":8},"end":{"line":152,"column":9}},"94":{"start":{"line":148,"column":12},"end":{"line":148,"column":42}},"95":{"start":{"line":151,"column":12},"end":{"line":151,"column":52}},"96":{"start":{"line":154,"column":4},"end":{"line":157,"column":60}},"97":{"start":{"line":158,"column":4},"end":{"line":161,"column":57}},"98":{"start":{"line":162,"column":4},"end":{"line":165,"column":60}},"99":{"start":{"line":166,"column":4},"end":{"line":169,"column":58}},"100":{"start":{"line":170,"column":4},"end":{"line":173,"column":57}},"101":{"start":{"line":174,"column":4},"end":{"line":177,"column":56}},"102":{"start":{"line":178,"column":4},"end":{"line":186,"column":25}},"103":{"start":{"line":187,"column":4},"end":{"line":187,"column":28}}},"fnMap":{"0":{"name":"(anonymous_0)","decl":{"start":{"line":1,"column":46},"end":{"line":1,"column":47}},"loc":{"start":{"line":1,"column":87},"end":{"line":6,"column":1}},"line":1},"1":{"name":"(anonymous_1)","decl":{"start":{"line":7,"column":46},"end":{"line":7,"column":47}},"loc":{"start":{"line":7,"column":62},"end":{"line":9,"column":1}},"line":7},"2":{"name":"(anonymous_2)","decl":{"start":{"line":14,"column":38},"end":{"line":14,"column":39}},"loc":{"start":{"line":14,"column":50},"end":{"line":188,"column":1}},"line":14},"3":{"name":"LazyimgComponent","decl":{"start":{"line":15,"column":13},"end":{"line":15,"column":29}},"loc":{"start":{"line":15,"column":100},"end":{"line":27,"column":5}},"line":15},"4":{"name":"(anonymous_4)","decl":{"start":{"line":28,"column":45},"end":{"line":28,"column":46}},"loc":{"start":{"line":28,"column":57},"end":{"line":31,"column":5}},"line":28},"5":{"name":"(anonymous_5)","decl":{"start":{"line":32,"column":45},"end":{"line":32,"column":46}},"loc":{"start":{"line":32,"column":64},"end":{"line":44,"column":5}},"line":32},"6":{"name":"(anonymous_6)","decl":{"start":{"line":45,"column":42},"end":{"line":45,"column":43}},"loc":{"start":{"line":45,"column":54},"end":{"line":69,"column":5}},"line":45},"7":{"name":"(anonymous_7)","decl":{"start":{"line":58,"column":59},"end":{"line":58,"column":60}},"loc":{"start":{"line":58,"column":75},"end":{"line":60,"column":13}},"line":58},"8":{"name":"(anonymous_8)","decl":{"start":{"line":81,"column":50},"end":{"line":81,"column":51}},"loc":{"start":{"line":81,"column":66},"end":{"line":92,"column":5}},"line":81},"9":{"name":"(anonymous_9)","decl":{"start":{"line":93,"column":43},"end":{"line":93,"column":44}},"loc":{"start":{"line":93,"column":60},"end":{"line":96,"column":5}},"line":93},"10":{"name":"(anonymous_10)","decl":{"start":{"line":97,"column":50},"end":{"line":97,"column":51}},"loc":{"start":{"line":97,"column":74},"end":{"line":101,"column":5}},"line":97},"11":{"name":"(anonymous_11)","decl":{"start":{"line":98,"column":33},"end":{"line":98,"column":34}},"loc":{"start":{"line":98,"column":49},"end":{"line":100,"column":9}},"line":98},"12":{"name":"(anonymous_12)","decl":{"start":{"line":102,"column":47},"end":{"line":102,"column":48}},"loc":{"start":{"line":102,"column":72},"end":{"line":104,"column":5}},"line":102},"13":{"name":"(anonymous_13)","decl":{"start":{"line":105,"column":48},"end":{"line":105,"column":49}},"loc":{"start":{"line":105,"column":72},"end":{"line":107,"column":5}},"line":105},"14":{"name":"(anonymous_14)","decl":{"start":{"line":108,"column":48},"end":{"line":108,"column":49}},"loc":{"start":{"line":108,"column":71},"end":{"line":132,"column":5}},"line":108},"15":{"name":"(anonymous_15)","decl":{"start":{"line":133,"column":42},"end":{"line":133,"column":43}},"loc":{"start":{"line":133,"column":54},"end":{"line":134,"column":5}},"line":133},"16":{"name":"(anonymous_16)","decl":{"start":{"line":135,"column":52},"end":{"line":135,"column":53}},"loc":{"start":{"line":135,"column":65},"end":{"line":143,"column":5}},"line":135},"17":{"name":"(anonymous_17)","decl":{"start":{"line":144,"column":50},"end":{"line":144,"column":51}},"loc":{"start":{"line":144,"column":62},"end":{"line":153,"column":5}},"line":144}},"branchMap":{"0":{"loc":{"start":{"line":1,"column":17},"end":{"line":6,"column":1}},"type":"binary-expr","locations":[{"start":{"line":1,"column":18},"end":{"line":1,"column":22}},{"start":{"line":1,"column":26},"end":{"line":1,"column":41}},{"start":{"line":1,"column":46},"end":{"line":6,"column":1}}],"line":1},"1":{"loc":{"start":{"line":2,"column":34},"end":{"line":2,"column":125}},"type":"cond-expr","locations":[{"start":{"line":2,"column":42},"end":{"line":2,"column":48}},{"start":{"line":2,"column":51},"end":{"line":2,"column":125}}],"line":2},"2":{"loc":{"start":{"line":2,"column":51},"end":{"line":2,"column":125}},"type":"cond-expr","locations":[{"start":{"line":2,"column":67},"end":{"line":2,"column":118}},{"start":{"line":2,"column":121},"end":{"line":2,"column":125}}],"line":2},"3":{"loc":{"start":{"line":3,"column":4},"end":{"line":4,"column":150}},"type":"if","locations":[{"start":{"line":3,"column":4},"end":{"line":4,"column":150}},{"start":{"line":3,"column":4},"end":{"line":4,"column":150}}],"line":3},"4":{"loc":{"start":{"line":3,"column":8},"end":{"line":3,"column":77}},"type":"binary-expr","locations":[{"start":{"line":3,"column":8},"end":{"line":3,"column":35}},{"start":{"line":3,"column":39},"end":{"line":3,"column":77}}],"line":3},"5":{"loc":{"start":{"line":4,"column":58},"end":{"line":4,"column":150}},"type":"if","locations":[{"start":{"line":4,"column":58},"end":{"line":4,"column":150}},{"start":{"line":4,"column":58},"end":{"line":4,"column":150}}],"line":4},"6":{"loc":{"start":{"line":4,"column":85},"end":{"line":4,"column":149}},"type":"binary-expr","locations":[{"start":{"line":4,"column":86},"end":{"line":4,"column":143}},{"start":{"line":4,"column":148},"end":{"line":4,"column":149}}],"line":4},"7":{"loc":{"start":{"line":4,"column":86},"end":{"line":4,"column":143}},"type":"cond-expr","locations":[{"start":{"line":4,"column":94},"end":{"line":4,"column":98}},{"start":{"line":4,"column":101},"end":{"line":4,"column":143}}],"line":4},"8":{"loc":{"start":{"line":4,"column":101},"end":{"line":4,"column":143}},"type":"cond-expr","locations":[{"start":{"line":4,"column":109},"end":{"line":4,"column":126}},{"start":{"line":4,"column":129},"end":{"line":4,"column":143}}],"line":4},"9":{"loc":{"start":{"line":5,"column":11},"end":{"line":5,"column":62}},"type":"binary-expr","locations":[{"start":{"line":5,"column":11},"end":{"line":5,"column":16}},{"start":{"line":5,"column":20},"end":{"line":5,"column":21}},{"start":{"line":5,"column":25},"end":{"line":5,"column":62}}],"line":5},"10":{"loc":{"start":{"line":7,"column":17},"end":{"line":9,"column":1}},"type":"binary-expr","locations":[{"start":{"line":7,"column":18},"end":{"line":7,"column":22}},{"start":{"line":7,"column":26},"end":{"line":7,"column":41}},{"start":{"line":7,"column":46},"end":{"line":9,"column":1}}],"line":7},"11":{"loc":{"start":{"line":8,"column":4},"end":{"line":8,"column":109}},"type":"if","locations":[{"start":{"line":8,"column":4},"end":{"line":8,"column":109}},{"start":{"line":8,"column":4},"end":{"line":8,"column":109}}],"line":8},"12":{"loc":{"start":{"line":8,"column":8},"end":{"line":8,"column":77}},"type":"binary-expr","locations":[{"start":{"line":8,"column":8},"end":{"line":8,"column":35}},{"start":{"line":8,"column":39},"end":{"line":8,"column":77}}],"line":8},"13":{"loc":{"start":{"line":34,"column":8},"end":{"line":43,"column":9}},"type":"if","locations":[{"start":{"line":34,"column":8},"end":{"line":43,"column":9}},{"start":{"line":34,"column":8},"end":{"line":43,"column":9}}],"line":34},"14":{"loc":{"start":{"line":36,"column":12},"end":{"line":38,"column":13}},"type":"if","locations":[{"start":{"line":36,"column":12},"end":{"line":38,"column":13}},{"start":{"line":36,"column":12},"end":{"line":38,"column":13}}],"line":36},"15":{"loc":{"start":{"line":40,"column":13},"end":{"line":43,"column":9}},"type":"if","locations":[{"start":{"line":40,"column":13},"end":{"line":43,"column":9}},{"start":{"line":40,"column":13},"end":{"line":43,"column":9}}],"line":40},"16":{"loc":{"start":{"line":50,"column":19},"end":{"line":50,"column":47}},"type":"binary-expr","locations":[{"start":{"line":50,"column":19},"end":{"line":50,"column":41}},{"start":{"line":50,"column":45},"end":{"line":50,"column":47}}],"line":50},"17":{"loc":{"start":{"line":52,"column":21},"end":{"line":52,"column":51}},"type":"binary-expr","locations":[{"start":{"line":52,"column":21},"end":{"line":52,"column":45}},{"start":{"line":52,"column":49},"end":{"line":52,"column":51}}],"line":52},"18":{"loc":{"start":{"line":54,"column":20},"end":{"line":54,"column":160}},"type":"cond-expr","locations":[{"start":{"line":54,"column":62},"end":{"line":54,"column":141}},{"start":{"line":54,"column":145},"end":{"line":54,"column":160}}],"line":54},"19":{"loc":{"start":{"line":54,"column":62},"end":{"line":54,"column":141}},"type":"cond-expr","locations":[{"start":{"line":54,"column":111},"end":{"line":54,"column":115}},{"start":{"line":54,"column":118},"end":{"line":54,"column":141}}],"line":54},"20":{"loc":{"start":{"line":55,"column":8},"end":{"line":61,"column":9}},"type":"if","locations":[{"start":{"line":55,"column":8},"end":{"line":61,"column":9}},{"start":{"line":55,"column":8},"end":{"line":61,"column":9}}],"line":55},"21":{"loc":{"start":{"line":62,"column":8},"end":{"line":66,"column":9}},"type":"if","locations":[{"start":{"line":62,"column":8},"end":{"line":66,"column":9}},{"start":{"line":62,"column":8},"end":{"line":66,"column":9}}],"line":62},"22":{"loc":{"start":{"line":63,"column":12},"end":{"line":65,"column":13}},"type":"if","locations":[{"start":{"line":63,"column":12},"end":{"line":65,"column":13}},{"start":{"line":63,"column":12},"end":{"line":65,"column":13}}],"line":63},"23":{"loc":{"start":{"line":85,"column":12},"end":{"line":89,"column":13}},"type":"if","locations":[{"start":{"line":85,"column":12},"end":{"line":89,"column":13}},{"start":{"line":85,"column":12},"end":{"line":89,"column":13}}],"line":85},"24":{"loc":{"start":{"line":110,"column":8},"end":{"line":131,"column":9}},"type":"if","locations":[{"start":{"line":110,"column":8},"end":{"line":131,"column":9}},{"start":{"line":110,"column":8},"end":{"line":131,"column":9}}],"line":110},"25":{"loc":{"start":{"line":111,"column":12},"end":{"line":117,"column":13}},"type":"if","locations":[{"start":{"line":111,"column":12},"end":{"line":117,"column":13}},{"start":{"line":111,"column":12},"end":{"line":117,"column":13}}],"line":111},"26":{"loc":{"start":{"line":121,"column":12},"end":{"line":127,"column":13}},"type":"if","locations":[{"start":{"line":121,"column":12},"end":{"line":127,"column":13}},{"start":{"line":121,"column":12},"end":{"line":127,"column":13}}],"line":121},"27":{"loc":{"start":{"line":121,"column":16},"end":{"line":121,"column":55}},"type":"binary-expr","locations":[{"start":{"line":121,"column":16},"end":{"line":121,"column":34}},{"start":{"line":121,"column":38},"end":{"line":121,"column":55}}],"line":121},"28":{"loc":{"start":{"line":125,"column":17},"end":{"line":127,"column":13}},"type":"if","locations":[{"start":{"line":125,"column":17},"end":{"line":127,"column":13}},{"start":{"line":125,"column":17},"end":{"line":127,"column":13}}],"line":125},"29":{"loc":{"start":{"line":137,"column":8},"end":{"line":142,"column":9}},"type":"if","locations":[{"start":{"line":137,"column":8},"end":{"line":142,"column":9}},{"start":{"line":137,"column":8},"end":{"line":142,"column":9}}],"line":137},"30":{"loc":{"start":{"line":147,"column":8},"end":{"line":152,"column":9}},"type":"if","locations":[{"start":{"line":147,"column":8},"end":{"line":152,"column":9}},{"start":{"line":147,"column":8},"end":{"line":152,"column":9}}],"line":147}},"s":{"0":1,"1":7,"2":7,"3":7,"4":0,"5":7,"6":14,"7":14,"8":7,"9":1,"10":7,"11":7,"12":1,"13":17,"14":17,"15":17,"16":17,"17":17,"18":17,"19":17,"20":17,"21":17,"22":17,"23":1,"24":16,"25":1,"26":9,"27":9,"28":9,"29":2,"30":2,"31":1,"32":7,"33":6,"34":6,"35":1,"36":18,"37":18,"38":18,"39":18,"40":18,"41":18,"42":18,"43":18,"44":18,"45":18,"46":0,"47":0,"48":0,"49":0,"50":18,"51":7,"52":7,"53":17,"54":1,"55":0,"56":0,"57":0,"58":0,"59":0,"60":0,"61":0,"62":0,"63":1,"64":0,"65":0,"66":1,"67":0,"68":0,"69":1,"70":2,"71":1,"72":3,"73":1,"74":7,"75":3,"76":2,"77":2,"78":1,"79":4,"80":4,"81":1,"82":1,"83":3,"84":3,"85":1,"86":1,"87":0,"88":0,"89":0,"90":0,"91":1,"92":7,"93":7,"94":0,"95":7,"96":1,"97":1,"98":1,"99":1,"100":1,"101":1,"102":1,"103":1},"f":{"0":7,"1":7,"2":1,"3":17,"4":16,"5":9,"6":18,"7":0,"8":0,"9":0,"10":0,"11":0,"12":2,"13":3,"14":7,"15":0,"16":0,"17":7},"b":{"0":[1,0,1],"1":[1,6],"2":[0,6],"3":[0,7],"4":[7,7],"5":[14,0],"6":[14,13],"7":[2,12],"8":[12,0],"9":[7,6,0],"10":[1,0,1],"11":[7,0],"12":[7,7],"13":[2,7],"14":[1,1],"15":[6,1],"16":[18,18],"17":[18,18],"18":[16,2],"19":[6,10],"20":[0,18],"21":[7,11],"22":[7,0],"23":[0,0],"24":[3,4],"25":[2,1],"26":[1,3],"27":[4,4],"28":[3,0],"29":[0,0],"30":[0,7]},"_coverageSchema":"332fd63041d2c1bcb487cc26dd0d5f7d97098a6c","hash":"ebe780d7725747f0ef1cefe2a4ef9c2201da4b34"}
,"C:\\WORK\\ng-catalogue\\projects\\lazyimg\\src\\lib\\lazyimg.service.ts": {"path":"C:\\WORK\\ng-catalogue\\projects\\lazyimg\\src\\lib\\lazyimg.service.ts","statementMap":{"0":{"start":{"line":1,"column":17},"end":{"line":6,"column":1}},"1":{"start":{"line":2,"column":12},"end":{"line":2,"column":28}},"2":{"start":{"line":2,"column":34},"end":{"line":2,"column":125}},"3":{"start":{"line":3,"column":4},"end":{"line":4,"column":150}},"4":{"start":{"line":3,"column":79},"end":{"line":3,"column":131}},"5":{"start":{"line":4,"column":9},"end":{"line":4,"column":150}},"6":{"start":{"line":4,"column":58},"end":{"line":4,"column":150}},"7":{"start":{"line":4,"column":81},"end":{"line":4,"column":150}},"8":{"start":{"line":5,"column":4},"end":{"line":5,"column":66}},"9":{"start":{"line":7,"column":17},"end":{"line":9,"column":1}},"10":{"start":{"line":8,"column":4},"end":{"line":8,"column":109}},"11":{"start":{"line":8,"column":79},"end":{"line":8,"column":109}},"12":{"start":{"line":11,"column":36},"end":{"line":75,"column":3}},"13":{"start":{"line":13,"column":20},"end":{"line":13,"column":24}},"14":{"start":{"line":14,"column":8},"end":{"line":14,"column":25}},"15":{"start":{"line":15,"column":8},"end":{"line":15,"column":25}},"16":{"start":{"line":16,"column":8},"end":{"line":16,"column":31}},"17":{"start":{"line":17,"column":8},"end":{"line":17,"column":34}},"18":{"start":{"line":21,"column":8},"end":{"line":28,"column":10}},"19":{"start":{"line":22,"column":25},"end":{"line":22,"column":43}},"20":{"start":{"line":23,"column":12},"end":{"line":26,"column":13}},"21":{"start":{"line":24,"column":28},"end":{"line":24,"column":37}},"22":{"start":{"line":25,"column":16},"end":{"line":25,"column":41}},"23":{"start":{"line":27,"column":12},"end":{"line":27,"column":38}},"24":{"start":{"line":29,"column":8},"end":{"line":33,"column":10}},"25":{"start":{"line":30,"column":12},"end":{"line":32,"column":15}},"26":{"start":{"line":31,"column":16},"end":{"line":31,"column":41}},"27":{"start":{"line":34,"column":8},"end":{"line":42,"column":10}},"28":{"start":{"line":35,"column":25},"end":{"line":35,"column":43}},"29":{"start":{"line":36,"column":12},"end":{"line":41,"column":13}},"30":{"start":{"line":37,"column":28},"end":{"line":37,"column":37}},"31":{"start":{"line":38,"column":16},"end":{"line":40,"column":17}},"32":{"start":{"line":39,"column":20},"end":{"line":39,"column":48}},"33":{"start":{"line":45,"column":4},"end":{"line":48,"column":6}},"34":{"start":{"line":46,"column":8},"end":{"line":46,"column":26}},"35":{"start":{"line":47,"column":8},"end":{"line":47,"column":28}},"36":{"start":{"line":49,"column":4},"end":{"line":69,"column":6}},"37":{"start":{"line":50,"column":20},"end":{"line":50,"column":24}},"38":{"start":{"line":51,"column":8},"end":{"line":51,"column":30}},"39":{"start":{"line":53,"column":8},"end":{"line":55,"column":9}},"40":{"start":{"line":54,"column":12},"end":{"line":54,"column":40}},"41":{"start":{"line":57,"column":8},"end":{"line":59,"column":9}},"42":{"start":{"line":58,"column":12},"end":{"line":58,"column":35}},"43":{"start":{"line":61,"column":8},"end":{"line":68,"column":9}},"44":{"start":{"line":63,"column":12},"end":{"line":67,"column":18}},"45":{"start":{"line":64,"column":16},"end":{"line":64,"column":44}},"46":{"start":{"line":65,"column":16},"end":{"line":65,"column":35}},"47":{"start":{"line":66,"column":16},"end":{"line":66,"column":31}},"48":{"start":{"line":70,"column":4},"end":{"line":73,"column":23}},"49":{"start":{"line":74,"column":4},"end":{"line":74,"column":26}}},"fnMap":{"0":{"name":"(anonymous_0)","decl":{"start":{"line":1,"column":46},"end":{"line":1,"column":47}},"loc":{"start":{"line":1,"column":87},"end":{"line":6,"column":1}},"line":1},"1":{"name":"(anonymous_1)","decl":{"start":{"line":7,"column":46},"end":{"line":7,"column":47}},"loc":{"start":{"line":7,"column":62},"end":{"line":9,"column":1}},"line":7},"2":{"name":"(anonymous_2)","decl":{"start":{"line":11,"column":36},"end":{"line":11,"column":37}},"loc":{"start":{"line":11,"column":48},"end":{"line":75,"column":1}},"line":11},"3":{"name":"LazyimgService","decl":{"start":{"line":12,"column":13},"end":{"line":12,"column":27}},"loc":{"start":{"line":12,"column":30},"end":{"line":44,"column":5}},"line":12},"4":{"name":"(anonymous_4)","decl":{"start":{"line":21,"column":22},"end":{"line":21,"column":23}},"loc":{"start":{"line":21,"column":34},"end":{"line":28,"column":9}},"line":21},"5":{"name":"(anonymous_5)","decl":{"start":{"line":29,"column":26},"end":{"line":29,"column":27}},"loc":{"start":{"line":29,"column":38},"end":{"line":33,"column":9}},"line":29},"6":{"name":"(anonymous_6)","decl":{"start":{"line":30,"column":36},"end":{"line":30,"column":37}},"loc":{"start":{"line":30,"column":52},"end":{"line":32,"column":13}},"line":30},"7":{"name":"(anonymous_7)","decl":{"start":{"line":34,"column":35},"end":{"line":34,"column":36}},"loc":{"start":{"line":34,"column":47},"end":{"line":42,"column":9}},"line":34},"8":{"name":"(anonymous_8)","decl":{"start":{"line":45,"column":44},"end":{"line":45,"column":45}},"loc":{"start":{"line":45,"column":56},"end":{"line":48,"column":5}},"line":45},"9":{"name":"(anonymous_9)","decl":{"start":{"line":49,"column":38},"end":{"line":49,"column":39}},"loc":{"start":{"line":49,"column":53},"end":{"line":69,"column":5}},"line":49},"10":{"name":"(anonymous_10)","decl":{"start":{"line":63,"column":30},"end":{"line":63,"column":31}},"loc":{"start":{"line":63,"column":42},"end":{"line":67,"column":13}},"line":63}},"branchMap":{"0":{"loc":{"start":{"line":1,"column":17},"end":{"line":6,"column":1}},"type":"binary-expr","locations":[{"start":{"line":1,"column":18},"end":{"line":1,"column":22}},{"start":{"line":1,"column":26},"end":{"line":1,"column":41}},{"start":{"line":1,"column":46},"end":{"line":6,"column":1}}],"line":1},"1":{"loc":{"start":{"line":2,"column":34},"end":{"line":2,"column":125}},"type":"cond-expr","locations":[{"start":{"line":2,"column":42},"end":{"line":2,"column":48}},{"start":{"line":2,"column":51},"end":{"line":2,"column":125}}],"line":2},"2":{"loc":{"start":{"line":2,"column":51},"end":{"line":2,"column":125}},"type":"cond-expr","locations":[{"start":{"line":2,"column":67},"end":{"line":2,"column":118}},{"start":{"line":2,"column":121},"end":{"line":2,"column":125}}],"line":2},"3":{"loc":{"start":{"line":3,"column":4},"end":{"line":4,"column":150}},"type":"if","locations":[{"start":{"line":3,"column":4},"end":{"line":4,"column":150}},{"start":{"line":3,"column":4},"end":{"line":4,"column":150}}],"line":3},"4":{"loc":{"start":{"line":3,"column":8},"end":{"line":3,"column":77}},"type":"binary-expr","locations":[{"start":{"line":3,"column":8},"end":{"line":3,"column":35}},{"start":{"line":3,"column":39},"end":{"line":3,"column":77}}],"line":3},"5":{"loc":{"start":{"line":4,"column":58},"end":{"line":4,"column":150}},"type":"if","locations":[{"start":{"line":4,"column":58},"end":{"line":4,"column":150}},{"start":{"line":4,"column":58},"end":{"line":4,"column":150}}],"line":4},"6":{"loc":{"start":{"line":4,"column":85},"end":{"line":4,"column":149}},"type":"binary-expr","locations":[{"start":{"line":4,"column":86},"end":{"line":4,"column":143}},{"start":{"line":4,"column":148},"end":{"line":4,"column":149}}],"line":4},"7":{"loc":{"start":{"line":4,"column":86},"end":{"line":4,"column":143}},"type":"cond-expr","locations":[{"start":{"line":4,"column":94},"end":{"line":4,"column":98}},{"start":{"line":4,"column":101},"end":{"line":4,"column":143}}],"line":4},"8":{"loc":{"start":{"line":4,"column":101},"end":{"line":4,"column":143}},"type":"cond-expr","locations":[{"start":{"line":4,"column":109},"end":{"line":4,"column":126}},{"start":{"line":4,"column":129},"end":{"line":4,"column":143}}],"line":4},"9":{"loc":{"start":{"line":5,"column":11},"end":{"line":5,"column":62}},"type":"binary-expr","locations":[{"start":{"line":5,"column":11},"end":{"line":5,"column":16}},{"start":{"line":5,"column":20},"end":{"line":5,"column":21}},{"start":{"line":5,"column":25},"end":{"line":5,"column":62}}],"line":5},"10":{"loc":{"start":{"line":7,"column":17},"end":{"line":9,"column":1}},"type":"binary-expr","locations":[{"start":{"line":7,"column":18},"end":{"line":7,"column":22}},{"start":{"line":7,"column":26},"end":{"line":7,"column":41}},{"start":{"line":7,"column":46},"end":{"line":9,"column":1}}],"line":7},"11":{"loc":{"start":{"line":8,"column":4},"end":{"line":8,"column":109}},"type":"if","locations":[{"start":{"line":8,"column":4},"end":{"line":8,"column":109}},{"start":{"line":8,"column":4},"end":{"line":8,"column":109}}],"line":8},"12":{"loc":{"start":{"line":8,"column":8},"end":{"line":8,"column":77}},"type":"binary-expr","locations":[{"start":{"line":8,"column":8},"end":{"line":8,"column":35}},{"start":{"line":8,"column":39},"end":{"line":8,"column":77}}],"line":8},"13":{"loc":{"start":{"line":38,"column":16},"end":{"line":40,"column":17}},"type":"if","locations":[{"start":{"line":38,"column":16},"end":{"line":40,"column":17}},{"start":{"line":38,"column":16},"end":{"line":40,"column":17}}],"line":38},"14":{"loc":{"start":{"line":53,"column":8},"end":{"line":55,"column":9}},"type":"if","locations":[{"start":{"line":53,"column":8},"end":{"line":55,"column":9}},{"start":{"line":53,"column":8},"end":{"line":55,"column":9}}],"line":53},"15":{"loc":{"start":{"line":57,"column":8},"end":{"line":59,"column":9}},"type":"if","locations":[{"start":{"line":57,"column":8},"end":{"line":59,"column":9}},{"start":{"line":57,"column":8},"end":{"line":59,"column":9}}],"line":57},"16":{"loc":{"start":{"line":57,"column":12},"end":{"line":57,"column":50}},"type":"binary-expr","locations":[{"start":{"line":57,"column":12},"end":{"line":57,"column":29}},{"start":{"line":57,"column":33},"end":{"line":57,"column":50}}],"line":57},"17":{"loc":{"start":{"line":61,"column":8},"end":{"line":68,"column":9}},"type":"if","locations":[{"start":{"line":61,"column":8},"end":{"line":68,"column":9}},{"start":{"line":61,"column":8},"end":{"line":68,"column":9}}],"line":61}},"s":{"0":1,"1":1,"2":1,"3":1,"4":0,"5":1,"6":2,"7":2,"8":1,"9":1,"10":1,"11":1,"12":1,"13":13,"14":13,"15":13,"16":13,"17":13,"18":13,"19":11,"20":11,"21":13,"22":13,"23":7,"24":13,"25":11,"26":4,"27":13,"28":11,"29":11,"30":13,"31":13,"32":5,"33":1,"34":13,"35":13,"36":1,"37":18,"38":18,"39":18,"40":12,"41":18,"42":1,"43":18,"44":11,"45":11,"46":11,"47":11,"48":1,"49":1},"f":{"0":1,"1":1,"2":1,"3":13,"4":11,"5":11,"6":4,"7":11,"8":13,"9":18,"10":11},"b":{"0":[1,0,1],"1":[1,0],"2":[0,0],"3":[0,1],"4":[1,1],"5":[2,0],"6":[2,1],"7":[2,0],"8":[0,0],"9":[1,0,0],"10":[1,0,1],"11":[1,0],"12":[1,1],"13":[5,8],"14":[12,6],"15":[1,17],"16":[18,1],"17":[11,7]},"_coverageSchema":"332fd63041d2c1bcb487cc26dd0d5f7d97098a6c","hash":"988a1e00c7cbe03090024cf0bbbe9282f5e87c39"}
,"C:\\WORK\\ng-catalogue\\projects\\lazyimg\\src\\lib\\resize-service\\lazyimg-resize.service.ts": {"path":"C:\\WORK\\ng-catalogue\\projects\\lazyimg\\src\\lib\\resize-service\\lazyimg-resize.service.ts","statementMap":{"0":{"start":{"line":1,"column":17},"end":{"line":6,"column":1}},"1":{"start":{"line":2,"column":12},"end":{"line":2,"column":28}},"2":{"start":{"line":2,"column":34},"end":{"line":2,"column":125}},"3":{"start":{"line":3,"column":4},"end":{"line":4,"column":150}},"4":{"start":{"line":3,"column":79},"end":{"line":3,"column":131}},"5":{"start":{"line":4,"column":9},"end":{"line":4,"column":150}},"6":{"start":{"line":4,"column":58},"end":{"line":4,"column":150}},"7":{"start":{"line":4,"column":81},"end":{"line":4,"column":150}},"8":{"start":{"line":5,"column":4},"end":{"line":5,"column":66}},"9":{"start":{"line":7,"column":17},"end":{"line":9,"column":1}},"10":{"start":{"line":8,"column":4},"end":{"line":8,"column":109}},"11":{"start":{"line":8,"column":79},"end":{"line":8,"column":109}},"12":{"start":{"line":13,"column":42},"end":{"line":37,"column":3}},"13":{"start":{"line":15,"column":20},"end":{"line":15,"column":24}},"14":{"start":{"line":16,"column":8},"end":{"line":16,"column":62}},"15":{"start":{"line":18,"column":8},"end":{"line":18,"column":43}},"16":{"start":{"line":20,"column":8},"end":{"line":22,"column":89}},"17":{"start":{"line":22,"column":38},"end":{"line":22,"column":85}},"18":{"start":{"line":24,"column":4},"end":{"line":29,"column":6}},"19":{"start":{"line":25,"column":8},"end":{"line":27,"column":9}},"20":{"start":{"line":26,"column":12},"end":{"line":26,"column":80}},"21":{"start":{"line":28,"column":8},"end":{"line":28,"column":72}},"22":{"start":{"line":30,"column":4},"end":{"line":35,"column":29}},"23":{"start":{"line":36,"column":4},"end":{"line":36,"column":32}}},"fnMap":{"0":{"name":"(anonymous_0)","decl":{"start":{"line":1,"column":46},"end":{"line":1,"column":47}},"loc":{"start":{"line":1,"column":87},"end":{"line":6,"column":1}},"line":1},"1":{"name":"(anonymous_1)","decl":{"start":{"line":7,"column":46},"end":{"line":7,"column":47}},"loc":{"start":{"line":7,"column":62},"end":{"line":9,"column":1}},"line":7},"2":{"name":"(anonymous_2)","decl":{"start":{"line":13,"column":42},"end":{"line":13,"column":43}},"loc":{"start":{"line":13,"column":54},"end":{"line":37,"column":1}},"line":13},"3":{"name":"LazyimgResizeService","decl":{"start":{"line":14,"column":13},"end":{"line":14,"column":33}},"loc":{"start":{"line":14,"column":36},"end":{"line":23,"column":5}},"line":14},"4":{"name":"(anonymous_4)","decl":{"start":{"line":22,"column":23},"end":{"line":22,"column":24}},"loc":{"start":{"line":22,"column":36},"end":{"line":22,"column":87}},"line":22},"5":{"name":"(anonymous_5)","decl":{"start":{"line":24,"column":45},"end":{"line":24,"column":46}},"loc":{"start":{"line":24,"column":58},"end":{"line":29,"column":5}},"line":24}},"branchMap":{"0":{"loc":{"start":{"line":1,"column":17},"end":{"line":6,"column":1}},"type":"binary-expr","locations":[{"start":{"line":1,"column":18},"end":{"line":1,"column":22}},{"start":{"line":1,"column":26},"end":{"line":1,"column":41}},{"start":{"line":1,"column":46},"end":{"line":6,"column":1}}],"line":1},"1":{"loc":{"start":{"line":2,"column":34},"end":{"line":2,"column":125}},"type":"cond-expr","locations":[{"start":{"line":2,"column":42},"end":{"line":2,"column":48}},{"start":{"line":2,"column":51},"end":{"line":2,"column":125}}],"line":2},"2":{"loc":{"start":{"line":2,"column":51},"end":{"line":2,"column":125}},"type":"cond-expr","locations":[{"start":{"line":2,"column":67},"end":{"line":2,"column":118}},{"start":{"line":2,"column":121},"end":{"line":2,"column":125}}],"line":2},"3":{"loc":{"start":{"line":3,"column":4},"end":{"line":4,"column":150}},"type":"if","locations":[{"start":{"line":3,"column":4},"end":{"line":4,"column":150}},{"start":{"line":3,"column":4},"end":{"line":4,"column":150}}],"line":3},"4":{"loc":{"start":{"line":3,"column":8},"end":{"line":3,"column":77}},"type":"binary-expr","locations":[{"start":{"line":3,"column":8},"end":{"line":3,"column":35}},{"start":{"line":3,"column":39},"end":{"line":3,"column":77}}],"line":3},"5":{"loc":{"start":{"line":4,"column":58},"end":{"line":4,"column":150}},"type":"if","locations":[{"start":{"line":4,"column":58},"end":{"line":4,"column":150}},{"start":{"line":4,"column":58},"end":{"line":4,"column":150}}],"line":4},"6":{"loc":{"start":{"line":4,"column":85},"end":{"line":4,"column":149}},"type":"binary-expr","locations":[{"start":{"line":4,"column":86},"end":{"line":4,"column":143}},{"start":{"line":4,"column":148},"end":{"line":4,"column":149}}],"line":4},"7":{"loc":{"start":{"line":4,"column":86},"end":{"line":4,"column":143}},"type":"cond-expr","locations":[{"start":{"line":4,"column":94},"end":{"line":4,"column":98}},{"start":{"line":4,"column":101},"end":{"line":4,"column":143}}],"line":4},"8":{"loc":{"start":{"line":4,"column":101},"end":{"line":4,"column":143}},"type":"cond-expr","locations":[{"start":{"line":4,"column":109},"end":{"line":4,"column":126}},{"start":{"line":4,"column":129},"end":{"line":4,"column":143}}],"line":4},"9":{"loc":{"start":{"line":5,"column":11},"end":{"line":5,"column":62}},"type":"binary-expr","locations":[{"start":{"line":5,"column":11},"end":{"line":5,"column":16}},{"start":{"line":5,"column":20},"end":{"line":5,"column":21}},{"start":{"line":5,"column":25},"end":{"line":5,"column":62}}],"line":5},"10":{"loc":{"start":{"line":7,"column":17},"end":{"line":9,"column":1}},"type":"binary-expr","locations":[{"start":{"line":7,"column":18},"end":{"line":7,"column":22}},{"start":{"line":7,"column":26},"end":{"line":7,"column":41}},{"start":{"line":7,"column":46},"end":{"line":9,"column":1}}],"line":7},"11":{"loc":{"start":{"line":8,"column":4},"end":{"line":8,"column":109}},"type":"if","locations":[{"start":{"line":8,"column":4},"end":{"line":8,"column":109}},{"start":{"line":8,"column":4},"end":{"line":8,"column":109}}],"line":8},"12":{"loc":{"start":{"line":8,"column":8},"end":{"line":8,"column":77}},"type":"binary-expr","locations":[{"start":{"line":8,"column":8},"end":{"line":8,"column":35}},{"start":{"line":8,"column":39},"end":{"line":8,"column":77}}],"line":8},"13":{"loc":{"start":{"line":25,"column":8},"end":{"line":27,"column":9}},"type":"if","locations":[{"start":{"line":25,"column":8},"end":{"line":27,"column":9}},{"start":{"line":25,"column":8},"end":{"line":27,"column":9}}],"line":25}},"s":{"0":1,"1":1,"2":1,"3":1,"4":0,"5":1,"6":2,"7":2,"8":1,"9":1,"10":1,"11":1,"12":1,"13":18,"14":18,"15":18,"16":18,"17":0,"18":1,"19":18,"20":0,"21":18,"22":1,"23":1},"f":{"0":1,"1":1,"2":1,"3":18,"4":0,"5":18},"b":{"0":[1,0,1],"1":[1,0],"2":[0,0],"3":[0,1],"4":[1,1],"5":[2,0],"6":[2,1],"7":[2,0],"8":[0,0],"9":[1,0,0],"10":[1,0,1],"11":[1,0],"12":[1,1],"13":[0,18]},"_coverageSchema":"332fd63041d2c1bcb487cc26dd0d5f7d97098a6c","hash":"316244711855531ae4b6753c27470af328819ffb"}
}
