TN:
SF:C:\WORK\libs\ff-lazyimg\projects\ff-lazyimg\src\test.ts
FNF:0
FNH:0
DA:15,1
DA:20,1
DA:22,1
LF:3
LH:3
BRF:0
BRH:0
end_of_record
TN:
SF:C:\WORK\libs\ff-lazyimg\projects\ff-lazyimg\src\lib\lazyimg.component.ts
FN:25,(anonymous_2)
FN:45,LazyimgComponent
FN:50,(anonymous_4)
FN:55,(anonymous_5)
FN:70,(anonymous_6)
FN:84,(anonymous_7)
FN:109,(anonymous_8)
FN:122,(anonymous_9)
FN:127,(anonymous_10)
FN:128,(anonymous_11)
FN:133,(anonymous_12)
FN:137,(anonymous_13)
FN:141,(anonymous_14)
FN:165,(anonymous_15)
FN:169,(anonymous_16)
FN:179,(anonymous_17)
FNF:16
FNH:9
FNDA:1,(anonymous_2)
FNDA:17,LazyimgComponent
FNDA:16,(anonymous_4)
FNDA:9,(anonymous_5)
FNDA:18,(anonymous_6)
FNDA:0,(anonymous_7)
FNDA:0,(anonymous_8)
FNDA:0,(anonymous_9)
FNDA:0,(anonymous_10)
FNDA:0,(anonymous_11)
FNDA:2,(anonymous_12)
FNDA:3,(anonymous_13)
FNDA:7,(anonymous_14)
FNDA:0,(anonymous_15)
FNDA:0,(anonymous_16)
FNDA:7,(anonymous_17)
DA:25,1
DA:26,1
DA:27,1
DA:28,18
DA:29,18
DA:30,18
DA:31,1
DA:37,17
DA:40,17
DA:45,17
DA:47,17
DA:50,1
DA:52,16
DA:55,1
DA:56,9
DA:57,9
DA:58,9
DA:59,2
DA:60,2
DA:61,1
DA:64,7
DA:65,6
DA:66,6
DA:70,18
DA:71,18
DA:72,18
DA:73,18
DA:74,18
DA:75,18
DA:76,18
DA:77,18
DA:78,18
DA:80,18
DA:81,0
DA:82,0
DA:84,0
DA:85,0
DA:88,18
DA:89,7
DA:90,7
DA:94,17
DA:109,1
DA:110,0
DA:111,0
DA:112,0
DA:113,0
DA:114,0
DA:115,0
DA:116,0
DA:119,0
DA:122,1
DA:123,0
DA:124,0
DA:127,1
DA:128,0
DA:129,0
DA:133,1
DA:134,2
DA:137,1
DA:138,3
DA:141,1
DA:143,7
DA:144,3
DA:145,2
DA:146,2
DA:148,1
DA:151,4
DA:152,4
DA:153,1
DA:154,1
DA:156,3
DA:157,3
DA:165,1
DA:169,1
DA:170,0
DA:171,0
DA:172,0
DA:175,0
DA:179,1
DA:180,7
DA:182,7
DA:183,0
DA:185,7
DA:188,1
LF:84
LH:63
BRDA:58,0,0,2
BRDA:58,0,1,7
BRDA:60,1,0,1
BRDA:60,1,1,1
BRDA:64,2,0,6
BRDA:64,2,1,1
BRDA:74,3,0,18
BRDA:74,3,1,18
BRDA:76,4,0,18
BRDA:76,4,1,18
BRDA:78,5,0,16
BRDA:78,5,1,2
BRDA:78,6,0,6
BRDA:78,6,1,10
BRDA:80,7,0,0
BRDA:80,7,1,18
BRDA:88,8,0,7
BRDA:88,8,1,11
BRDA:89,9,0,7
BRDA:89,9,1,0
BRDA:113,10,0,0
BRDA:113,10,1,0
BRDA:143,11,0,3
BRDA:143,11,1,4
BRDA:144,12,0,2
BRDA:144,12,1,1
BRDA:152,13,0,1
BRDA:152,13,1,3
BRDA:152,14,0,4
BRDA:152,14,1,4
BRDA:156,15,0,3
BRDA:156,15,1,0
BRDA:171,16,0,0
BRDA:171,16,1,0
BRDA:182,17,0,0
BRDA:182,17,1,7
BRF:36
BRH:28
end_of_record
TN:
SF:C:\WORK\libs\ff-lazyimg\projects\ff-lazyimg\src\lib\lazyimg.service.ts
FN:5,(anonymous_2)
FN:39,LazyimgService
FN:13,(anonymous_4)
FN:22,(anonymous_5)
FN:23,(anonymous_6)
FN:29,(anonymous_7)
FN:43,(anonymous_8)
FN:48,(anonymous_9)
FN:63,(anonymous_10)
FNF:9
FNH:9
FNDA:1,(anonymous_2)
FNDA:13,LazyimgService
FNDA:11,(anonymous_4)
FNDA:11,(anonymous_5)
FNDA:4,(anonymous_6)
FNDA:11,(anonymous_7)
FNDA:13,(anonymous_8)
FNDA:18,(anonymous_9)
FNDA:11,(anonymous_10)
DA:5,1
DA:6,13
DA:7,13
DA:8,13
DA:9,13
DA:13,13
DA:14,11
DA:15,11
DA:16,13
DA:17,13
DA:19,7
DA:22,13
DA:23,11
DA:24,4
DA:29,13
DA:30,11
DA:31,11
DA:32,13
DA:33,13
DA:34,5
DA:39,13
DA:43,1
DA:44,13
DA:45,13
DA:48,18
DA:49,18
DA:53,18
DA:54,12
DA:57,18
DA:58,1
DA:61,18
DA:63,11
DA:64,11
DA:65,11
DA:66,11
DA:72,1
LF:36
LH:36
BRDA:33,0,0,5
BRDA:33,0,1,8
BRDA:53,1,0,12
BRDA:53,1,1,6
BRDA:57,2,0,1
BRDA:57,2,1,17
BRDA:57,3,0,18
BRDA:57,3,1,1
BRDA:61,4,0,11
BRDA:61,4,1,7
BRF:10
BRH:10
end_of_record
TN:
SF:C:\WORK\libs\ff-lazyimg\projects\ff-lazyimg\src\lib\resize-service\lazyimg-resize.service.ts
FN:16,(anonymous_2)
FN:22,LazyimgResizeService
FN:26,(anonymous_4)
FN:30,(anonymous_5)
FNF:4
FNH:3
FNDA:1,(anonymous_2)
FNDA:18,LazyimgResizeService
FNDA:0,(anonymous_4)
FNDA:18,(anonymous_5)
DA:16,1
DA:17,18
DA:20,18
DA:22,18
DA:24,18
DA:26,0
DA:30,1
DA:31,18
DA:32,0
DA:34,18
DA:37,1
LF:11
LH:9
BRDA:31,0,0,0
BRDA:31,0,1,18
BRF:2
BRH:1
end_of_record
